commit 186e0f529b11a4fdb827611822be32a6e11134e6
Author: ogasho25 <116321269+ogasho25@users.noreply.github.com>
Date:   Fri Apr 28 15:48:27 2023 +0900

    Update tetris.js

commit bd735da3025c2f6de0e0f23f20cc5e20d01fa304
Author: ogasho25 <116321269+ogasho25@users.noreply.github.com>
Date:   Fri Apr 28 15:43:11 2023 +0900

    Update controller.js

commit f24d0702578c95135b1666cea394a89c2f1d957d
Author: ogasho25 <116321269+ogasho25@users.noreply.github.com>
Date:   Fri Apr 28 15:37:39 2023 +0900

    Update tetris.js

commit 8099ff6195312ecb91eb94b9ba78a3a70e2fe141
Author: ogasho25 <116321269+ogasho25@users.noreply.github.com>
Date:   Fri Apr 28 15:35:14 2023 +0900

    Update tetris.js

commit b15e1aa5b006b41a0eb346ecb7035e635dda8c76
Author: ogasho25 <116321269+ogasho25@users.noreply.github.com>
Date:   Fri Apr 28 15:23:36 2023 +0900

    canvas-tetrisのソースコードをインポート
